{"/Users/maisarahraziz/Desktop/Coding-Bootcamp-2024/3.ProjectLuno/index.js": {"path":"/Users/maisarahraziz/Desktop/Coding-Bootcamp-2024/3.ProjectLuno/index.js","statementMap":{"0":{"start":{"line":80,"column":16},"end":{"line":80,"column":33}},"1":{"start":{"line":81,"column":18},"end":{"line":81,"column":36}},"2":{"start":{"line":82,"column":17},"end":{"line":82,"column":35}},"3":{"start":{"line":83,"column":19},"end":{"line":83,"column":40}},"4":{"start":{"line":84,"column":22},"end":{"line":84,"column":45}},"5":{"start":{"line":85,"column":21},"end":{"line":85,"column":49}},"6":{"start":{"line":86,"column":2},"end":{"line":86,"column":68}},"7":{"start":{"line":87,"column":2},"end":{"line":87,"column":56}},"8":{"start":{"line":88,"column":2},"end":{"line":88,"column":69}},"9":{"start":{"line":89,"column":2},"end":{"line":89,"column":75}},"10":{"start":{"line":90,"column":2},"end":{"line":90,"column":70}},"11":{"start":{"line":91,"column":2},"end":{"line":91,"column":62}},"12":{"start":{"line":93,"column":0},"end":{"line":93,"column":14}}},"fnMap":{"0":{"name":"finalResult","decl":{"start":{"line":79,"column":22},"end":{"line":79,"column":33}},"loc":{"start":{"line":79,"column":36},"end":{"line":92,"column":1}},"line":79}},"branchMap":{},"s":{"0":2,"1":2,"2":2,"3":2,"4":2,"5":2,"6":2,"7":2,"8":2,"9":2,"10":2,"11":2,"12":1},"f":{"0":2},"b":{},"_coverageSchema":"1a1c01bbd47fc00a2c39e90264f33305004495a9","hash":"d2b047f3f0c365cddf86d939dea4b072c351a3d9"}
,"/Users/maisarahraziz/Desktop/Coding-Bootcamp-2024/3.ProjectLuno/lib/binance.js": {"path":"/Users/maisarahraziz/Desktop/Coding-Bootcamp-2024/3.ProjectLuno/lib/binance.js","statementMap":{"0":{"start":{"line":4,"column":2},"end":{"line":17,"column":3}},"1":{"start":{"line":5,"column":20},"end":{"line":5,"column":33}},"2":{"start":{"line":6,"column":17},"end":{"line":6,"column":39}},"3":{"start":{"line":7,"column":4},"end":{"line":10,"column":29}},"4":{"start":{"line":8,"column":4},"end":{"line":8,"column":27}},"5":{"start":{"line":10,"column":6},"end":{"line":10,"column":29}},"6":{"start":{"line":13,"column":4},"end":{"line":14,"column":50}},"7":{"start":{"line":14,"column":6},"end":{"line":14,"column":50}},"8":{"start":{"line":16,"column":4},"end":{"line":16,"column":16}},"9":{"start":{"line":19,"column":0},"end":{"line":19,"column":16}}},"fnMap":{"0":{"name":"binanceBTCUSD","decl":{"start":{"line":3,"column":22},"end":{"line":3,"column":35}},"loc":{"start":{"line":3,"column":38},"end":{"line":18,"column":1}},"line":3}},"branchMap":{"0":{"loc":{"start":{"line":7,"column":4},"end":{"line":10,"column":29}},"type":"if","locations":[{"start":{"line":7,"column":4},"end":{"line":10,"column":29}},{"start":{"line":10,"column":6},"end":{"line":10,"column":29}}],"line":7},"1":{"loc":{"start":{"line":13,"column":4},"end":{"line":14,"column":50}},"type":"if","locations":[{"start":{"line":13,"column":4},"end":{"line":14,"column":50}},{"start":{},"end":{}}],"line":13}},"s":{"0":3,"1":3,"2":3,"3":2,"4":2,"5":0,"6":0,"7":0,"8":0,"9":2},"f":{"0":3},"b":{"0":[2,0],"1":[0,0]},"_coverageSchema":"1a1c01bbd47fc00a2c39e90264f33305004495a9","hash":"d80a7d6ca837113a685a8326c12ab68b647b12e4"}
,"/Users/maisarahraziz/Desktop/Coding-Bootcamp-2024/3.ProjectLuno/lib/calculation.js": {"path":"/Users/maisarahraziz/Desktop/Coding-Bootcamp-2024/3.ProjectLuno/lib/calculation.js","statementMap":{"0":{"start":{"line":7,"column":2},"end":{"line":22,"column":3}},"1":{"start":{"line":8,"column":17},"end":{"line":8,"column":34}},"2":{"start":{"line":9,"column":19},"end":{"line":9,"column":37}},"3":{"start":{"line":10,"column":18},"end":{"line":10,"column":33}},"4":{"start":{"line":12,"column":4},"end":{"line":15,"column":27}},"5":{"start":{"line":13,"column":4},"end":{"line":13,"column":19}},"6":{"start":{"line":15,"column":4},"end":{"line":15,"column":27}},"7":{"start":{"line":18,"column":4},"end":{"line":19,"column":52}},"8":{"start":{"line":19,"column":6},"end":{"line":19,"column":52}},"9":{"start":{"line":21,"column":4},"end":{"line":21,"column":16}},"10":{"start":{"line":28,"column":2},"end":{"line":43,"column":3}},"11":{"start":{"line":29,"column":20},"end":{"line":29,"column":41}},"12":{"start":{"line":30,"column":18},"end":{"line":30,"column":36}},"13":{"start":{"line":31,"column":23},"end":{"line":31,"column":42}},"14":{"start":{"line":33,"column":4},"end":{"line":36,"column":27}},"15":{"start":{"line":34,"column":4},"end":{"line":34,"column":24}},"16":{"start":{"line":36,"column":4},"end":{"line":36,"column":27}},"17":{"start":{"line":39,"column":4},"end":{"line":40,"column":76}},"18":{"start":{"line":40,"column":6},"end":{"line":40,"column":76}},"19":{"start":{"line":42,"column":4},"end":{"line":42,"column":16}},"20":{"start":{"line":49,"column":2},"end":{"line":64,"column":3}},"21":{"start":{"line":50,"column":22},"end":{"line":50,"column":45}},"22":{"start":{"line":51,"column":18},"end":{"line":51,"column":36}},"23":{"start":{"line":52,"column":22},"end":{"line":52,"column":51}},"24":{"start":{"line":54,"column":4},"end":{"line":57,"column":25}},"25":{"start":{"line":55,"column":4},"end":{"line":55,"column":23}},"26":{"start":{"line":57,"column":2},"end":{"line":57,"column":25}},"27":{"start":{"line":60,"column":4},"end":{"line":61,"column":51}},"28":{"start":{"line":61,"column":6},"end":{"line":61,"column":51}},"29":{"start":{"line":63,"column":4},"end":{"line":63,"column":16}}},"fnMap":{"0":{"name":"lunoBTCUSD","decl":{"start":{"line":6,"column":22},"end":{"line":6,"column":32}},"loc":{"start":{"line":6,"column":35},"end":{"line":23,"column":1}},"line":6},"1":{"name":"priceDifference","decl":{"start":{"line":27,"column":22},"end":{"line":27,"column":37}},"loc":{"start":{"line":27,"column":40},"end":{"line":44,"column":1}},"line":27},"2":{"name":"percentageDifference","decl":{"start":{"line":48,"column":22},"end":{"line":48,"column":42}},"loc":{"start":{"line":48,"column":45},"end":{"line":65,"column":1}},"line":48}},"branchMap":{"0":{"loc":{"start":{"line":12,"column":4},"end":{"line":15,"column":27}},"type":"if","locations":[{"start":{"line":12,"column":4},"end":{"line":15,"column":27}},{"start":{"line":15,"column":4},"end":{"line":15,"column":27}}],"line":12},"1":{"loc":{"start":{"line":18,"column":4},"end":{"line":19,"column":52}},"type":"if","locations":[{"start":{"line":18,"column":4},"end":{"line":19,"column":52}},{"start":{},"end":{}}],"line":18},"2":{"loc":{"start":{"line":33,"column":4},"end":{"line":36,"column":27}},"type":"if","locations":[{"start":{"line":33,"column":4},"end":{"line":36,"column":27}},{"start":{"line":36,"column":4},"end":{"line":36,"column":27}}],"line":33},"3":{"loc":{"start":{"line":39,"column":4},"end":{"line":40,"column":76}},"type":"if","locations":[{"start":{"line":39,"column":4},"end":{"line":40,"column":76}},{"start":{},"end":{}}],"line":39},"4":{"loc":{"start":{"line":54,"column":4},"end":{"line":57,"column":25}},"type":"if","locations":[{"start":{"line":54,"column":4},"end":{"line":57,"column":25}},{"start":{"line":57,"column":2},"end":{"line":57,"column":25}}],"line":54},"5":{"loc":{"start":{"line":60,"column":4},"end":{"line":61,"column":51}},"type":"if","locations":[{"start":{"line":60,"column":4},"end":{"line":61,"column":51}},{"start":{},"end":{}}],"line":60}},"s":{"0":9,"1":9,"2":9,"3":9,"4":9,"5":9,"6":0,"7":0,"8":0,"9":0,"10":4,"11":4,"12":4,"13":4,"14":4,"15":4,"16":0,"17":0,"18":0,"19":0,"20":2,"21":2,"22":2,"23":2,"24":2,"25":2,"26":0,"27":0,"28":0,"29":0},"f":{"0":9,"1":4,"2":2},"b":{"0":[9,0],"1":[0,0],"2":[4,0],"3":[0,0],"4":[2,0],"5":[0,0]},"_coverageSchema":"1a1c01bbd47fc00a2c39e90264f33305004495a9","hash":"b66db4c851148b5188160bdf574888b0db1f46b9"}
,"/Users/maisarahraziz/Desktop/Coding-Bootcamp-2024/3.ProjectLuno/lib/exchange.js": {"path":"/Users/maisarahraziz/Desktop/Coding-Bootcamp-2024/3.ProjectLuno/lib/exchange.js","statementMap":{"0":{"start":{"line":2,"column":18},"end":{"line":2,"column":31}},"1":{"start":{"line":3,"column":4},"end":{"line":3,"column":67}},"2":{"start":{"line":5,"column":23},"end":{"line":9,"column":1}},"3":{"start":{"line":11,"column":0},"end":{"line":25,"column":1}},"4":{"start":{"line":12,"column":14},"end":{"line":12,"column":108}},"5":{"start":{"line":13,"column":2},"end":{"line":19,"column":1}},"6":{"start":{"line":14,"column":19},"end":{"line":14,"column":35}},"7":{"start":{"line":16,"column":2},"end":{"line":16,"column":24}},"8":{"start":{"line":18,"column":2},"end":{"line":18,"column":25}},"9":{"start":{"line":21,"column":0},"end":{"line":23,"column":1}},"10":{"start":{"line":22,"column":2},"end":{"line":22,"column":66}},"11":{"start":{"line":24,"column":0},"end":{"line":24,"column":12}},"12":{"start":{"line":28,"column":0},"end":{"line":28,"column":13}}},"fnMap":{"0":{"name":"convertUSD","decl":{"start":{"line":1,"column":22},"end":{"line":1,"column":32}},"loc":{"start":{"line":1,"column":35},"end":{"line":26,"column":1}},"line":1}},"branchMap":{"0":{"loc":{"start":{"line":13,"column":2},"end":{"line":19,"column":1}},"type":"if","locations":[{"start":{"line":13,"column":2},"end":{"line":19,"column":1}},{"start":{"line":17,"column":7},"end":{"line":19,"column":1}}],"line":13},"1":{"loc":{"start":{"line":21,"column":0},"end":{"line":23,"column":1}},"type":"if","locations":[{"start":{"line":21,"column":0},"end":{"line":23,"column":1}},{"start":{},"end":{}}],"line":21}},"s":{"0":4,"1":4,"2":4,"3":4,"4":4,"5":2,"6":0,"7":0,"8":2,"9":2,"10":2,"11":0,"12":2},"f":{"0":4},"b":{"0":[0,2],"1":[2,0]},"_coverageSchema":"1a1c01bbd47fc00a2c39e90264f33305004495a9","hash":"ce1e384cbb9bdf95023a1765ccb0ead6b5c81825"}
,"/Users/maisarahraziz/Desktop/Coding-Bootcamp-2024/3.ProjectLuno/lib/luno.js": {"path":"/Users/maisarahraziz/Desktop/Coding-Bootcamp-2024/3.ProjectLuno/lib/luno.js","statementMap":{"0":{"start":{"line":2,"column":2},"end":{"line":16,"column":3}},"1":{"start":{"line":3,"column":16},"end":{"line":3,"column":76}},"2":{"start":{"line":4,"column":4},"end":{"line":10,"column":5}},"3":{"start":{"line":5,"column":21},"end":{"line":5,"column":37}},"4":{"start":{"line":7,"column":6},"end":{"line":7,"column":32}},"5":{"start":{"line":9,"column":6},"end":{"line":9,"column":29}},"6":{"start":{"line":12,"column":4},"end":{"line":14,"column":5}},"7":{"start":{"line":13,"column":6},"end":{"line":13,"column":50}},"8":{"start":{"line":15,"column":4},"end":{"line":15,"column":16}},"9":{"start":{"line":18,"column":0},"end":{"line":18,"column":12}}},"fnMap":{"0":{"name":"lunoBTCMY","decl":{"start":{"line":1,"column":22},"end":{"line":1,"column":31}},"loc":{"start":{"line":1,"column":34},"end":{"line":17,"column":1}},"line":1}},"branchMap":{"0":{"loc":{"start":{"line":4,"column":4},"end":{"line":10,"column":5}},"type":"if","locations":[{"start":{"line":4,"column":4},"end":{"line":10,"column":5}},{"start":{"line":8,"column":11},"end":{"line":10,"column":5}}],"line":4},"1":{"loc":{"start":{"line":12,"column":4},"end":{"line":14,"column":5}},"type":"if","locations":[{"start":{"line":12,"column":4},"end":{"line":14,"column":5}},{"start":{},"end":{}}],"line":12}},"s":{"0":3,"1":3,"2":1,"3":1,"4":1,"5":0,"6":0,"7":0,"8":0,"9":2},"f":{"0":3},"b":{"0":[1,0],"1":[0,0]},"_coverageSchema":"1a1c01bbd47fc00a2c39e90264f33305004495a9","hash":"079f97760a79d33e5fc9c3fc050e491f2e42effa"}
}
