TN:
SF:index.js
FN:79,finalResult
FNF:1
FNH:1
FNDA:2,finalResult
DA:80,2
DA:81,2
DA:82,2
DA:83,2
DA:84,2
DA:85,2
DA:86,2
DA:87,2
DA:88,2
DA:89,2
DA:90,2
DA:91,2
DA:93,1
LF:13
LH:13
BRF:0
BRH:0
end_of_record
TN:
SF:lib/binance.js
FN:3,binanceBTCUSD
FNF:1
FNH:1
FNDA:3,binanceBTCUSD
DA:4,3
DA:5,3
DA:6,3
DA:7,2
DA:8,2
DA:10,0
DA:13,0
DA:14,0
DA:16,0
DA:19,2
LF:10
LH:6
BRDA:7,0,0,2
BRDA:7,0,1,0
BRDA:13,1,0,0
BRDA:13,1,1,0
BRF:4
BRH:1
end_of_record
TN:
SF:lib/calculation.js
FN:6,lunoBTCUSD
FN:27,priceDifference
FN:48,percentageDifference
FNF:3
FNH:3
FNDA:9,lunoBTCUSD
FNDA:4,priceDifference
FNDA:2,percentageDifference
DA:7,9
DA:8,9
DA:9,9
DA:10,9
DA:12,9
DA:13,9
DA:15,0
DA:18,0
DA:19,0
DA:21,0
DA:28,4
DA:29,4
DA:30,4
DA:31,4
DA:33,4
DA:34,4
DA:36,0
DA:39,0
DA:40,0
DA:42,0
DA:49,2
DA:50,2
DA:51,2
DA:52,2
DA:54,2
DA:55,2
DA:57,0
DA:60,0
DA:61,0
DA:63,0
LF:30
LH:18
BRDA:12,0,0,9
BRDA:12,0,1,0
BRDA:18,1,0,0
BRDA:18,1,1,0
BRDA:33,2,0,4
BRDA:33,2,1,0
BRDA:39,3,0,0
BRDA:39,3,1,0
BRDA:54,4,0,2
BRDA:54,4,1,0
BRDA:60,5,0,0
BRDA:60,5,1,0
BRF:12
BRH:3
end_of_record
TN:
SF:lib/exchange.js
FN:1,convertUSD
FNF:1
FNH:1
FNDA:4,convertUSD
DA:2,4
DA:3,4
DA:5,4
DA:11,4
DA:12,4
DA:13,2
DA:14,0
DA:16,0
DA:18,2
DA:21,2
DA:22,2
DA:24,0
DA:28,2
LF:13
LH:10
BRDA:13,0,0,0
BRDA:13,0,1,2
BRDA:21,1,0,2
BRDA:21,1,1,0
BRF:4
BRH:2
end_of_record
TN:
SF:lib/luno.js
FN:1,lunoBTCMY
FNF:1
FNH:1
FNDA:3,lunoBTCMY
DA:2,3
DA:3,3
DA:4,1
DA:5,1
DA:7,1
DA:9,0
DA:12,0
DA:13,0
DA:15,0
DA:18,2
LF:10
LH:6
BRDA:4,0,0,1
BRDA:4,0,1,0
BRDA:12,1,0,0
BRDA:12,1,1,0
BRF:4
BRH:1
end_of_record
